2025-04-04 11:45:27.860901 - Received CBT.V508.FILE558.PDS from FILE558.XMI 
2025-04-04 11:45:27.871941 - Found $$$#DATE.txt (text/plain) in CBT.V508.FILE558.PDS, moved to PDS/$$$#DATE
2025-04-04 11:45:27.872128 - Found $$NOTE00.txt (text/plain) in CBT.V508.FILE558.PDS, moved to PDS/$$NOTE00
2025-04-04 11:45:27.872288 - Found $$NOTE1.txt (text/plain) in CBT.V508.FILE558.PDS, moved to PDS/$$NOTE1
2025-04-04 11:45:27.872419 - Found $$NOTE2.eml (message/rfc822) in CBT.V508.FILE558.PDS, moved to PDS/$$NOTE2
2025-04-04 11:45:27.872550 - Found $$NOTE3.eml (message/rfc822) in CBT.V508.FILE558.PDS, moved to PDS/$$NOTE3
2025-04-04 11:45:27.872671 - Found $$NOTE4.eml (message/rfc822) in CBT.V508.FILE558.PDS, moved to PDS/$$NOTE4
2025-04-04 11:45:27.872802 - Found $$README.txt (text/plain) in CBT.V508.FILE558.PDS, moved to PDS/$$README
2025-04-04 11:45:27.872933 - Found $COMMAND.txt (text/plain) in CBT.V508.FILE558.PDS, moved to PDS/$COMMAND
2025-04-04 11:45:27.873164 - Found $MACLIB.txt (text/plain) in CBT.V508.FILE558.PDS, moved to PDS/$MACLIB
2025-04-04 11:45:27.873498 - Found $MACLIB2.txt (text/plain) in CBT.V508.FILE558.PDS, moved to PDS/$MACLIB2
2025-04-04 11:45:27.873710 - Found @FILE558.txt (text/plain) in CBT.V508.FILE558.PDS, moved to PDS/@FILE558
2025-04-04 11:45:27.873959 - Found ABAL.txt (text/plain) in CBT.V508.FILE558.PDS, moved to PDS/ABAL
2025-04-04 11:45:27.874103 - Found ABDUMP.txt (text/plain) in CBT.V508.FILE558.PDS, moved to PDS/ABDUMP
2025-04-04 11:45:27.874234 - Found ABENDJOB.txt (text/plain) in CBT.V508.FILE558.PDS, moved to PDS/ABENDJOB
2025-04-04 11:45:27.874377 - Found ABEND878.txt (text/plain) in CBT.V508.FILE558.PDS, moved to PDS/ABEND878
2025-04-04 11:45:27.874521 - Found ALIAS.txt (text/plain) in CBT.V508.FILE558.PDS, moved to PDS/ALIAS
2025-04-04 11:45:27.874662 - Found ALIASES.txt (text/plain) in CBT.V508.FILE558.PDS, moved to PDS/ALIASES
2025-04-04 11:45:27.874796 - Found ALIAS2.txt (text/plain) in CBT.V508.FILE558.PDS, moved to PDS/ALIAS2
2025-04-04 11:45:27.874946 - Found ALLDSNS.txt (text/plain) in CBT.V508.FILE558.PDS, moved to PDS/ALLDSNS
2025-04-04 11:45:27.875101 - Found ALLOCDYN.txt (text/plain) in CBT.V508.FILE558.PDS, moved to PDS/ALLOCDYN
2025-04-04 11:45:27.875230 - Found ARCHVDMP.txt (text/plain) in CBT.V508.FILE558.PDS, moved to PDS/ARCHVDMP
2025-04-04 11:45:27.875373 - Found ASCBLIST.txt (text/plain) in CBT.V508.FILE558.PDS, moved to PDS/ASCBLIST
2025-04-04 11:45:27.875511 - Found ASC2EBCD.txt (text/plain) in CBT.V508.FILE558.PDS, moved to PDS/ASC2EBCD
2025-04-04 11:45:27.875643 - Found ASMMAIN.txt (text/plain) in CBT.V508.FILE558.PDS, moved to PDS/ASMMAIN
2025-04-04 11:45:27.875802 - Found ASMSUBD1.txt (text/plain) in CBT.V508.FILE558.PDS, moved to PDS/ASMSUBD1
2025-04-04 11:45:27.875935 - Found ASMSUBS1.txt (text/plain) in CBT.V508.FILE558.PDS, moved to PDS/ASMSUBS1
2025-04-04 11:45:27.876077 - Found ASM31SUB.txt (text/plain) in CBT.V508.FILE558.PDS, moved to PDS/ASM31SUB
2025-04-04 11:45:27.876196 - Found A31BIT.txt (text/plain) in CBT.V508.FILE558.PDS, moved to PDS/A31BIT
2025-04-04 11:45:27.876327 - Found BAGETE.txt (text/plain) in CBT.V508.FILE558.PDS, moved to PDS/BAGETE
2025-04-04 11:45:27.876470 - Found BLDCNTL.txt (text/plain) in CBT.V508.FILE558.PDS, moved to PDS/BLDCNTL
2025-04-04 11:45:27.876602 - Found BUILDTBL.txt (text/plain) in CBT.V508.FILE558.PDS, moved to PDS/BUILDTBL
2025-04-04 11:45:27.876772 - Found CALLGND2.txt (text/plain) in CBT.V508.FILE558.PDS, moved to PDS/CALLGND2
2025-04-04 11:45:27.876920 - Found CALLGND3.txt (text/plain) in CBT.V508.FILE558.PDS, moved to PDS/CALLGND3
2025-04-04 11:45:27.877052 - Found CALLPDSR.txt (text/plain) in CBT.V508.FILE558.PDS, moved to PDS/CALLPDSR
2025-04-04 11:45:27.877204 - Found CALLQIO1.txt (text/plain) in CBT.V508.FILE558.PDS, moved to PDS/CALLQIO1
2025-04-04 11:45:27.877332 - Found CALLQIO2.txt (text/plain) in CBT.V508.FILE558.PDS, moved to PDS/CALLQIO2
2025-04-04 11:45:27.877464 - Found CALLRDLM.txt (text/plain) in CBT.V508.FILE558.PDS, moved to PDS/CALLRDLM
2025-04-04 11:45:27.877853 - Found CALL095.txt (text/plain) in CBT.V508.FILE558.PDS, moved to PDS/CALL095
2025-04-04 11:45:27.878042 - Found CAMLST.txt (text/plain) in CBT.V508.FILE558.PDS, moved to PDS/CAMLST
2025-04-04 11:45:27.878206 - Found CATALOGD.txt (text/plain) in CBT.V508.FILE558.PDS, moved to PDS/CATALOGD
2025-04-04 11:45:27.878341 - Found CATLGLST.txt (text/plain) in CBT.V508.FILE558.PDS, moved to PDS/CATLGLST
2025-04-04 11:45:27.878480 - Found CBRAKETS.txt (text/plain) in CBT.V508.FILE558.PDS, moved to PDS/CBRAKETS
2025-04-04 11:45:27.878705 - Found CHECKVBS.txt (text/plain) in CBT.V508.FILE558.PDS, moved to PDS/CHECKVBS
2025-04-04 11:45:27.878879 - Found CHGDDNM0.txt (text/plain) in CBT.V508.FILE558.PDS, moved to PDS/CHGDDNM0
2025-04-04 11:45:27.879040 - Found CHGJOBCD.txt (text/plain) in CBT.V508.FILE558.PDS, moved to PDS/CHGJOBCD
2025-04-04 11:45:27.879183 - Found CHGJOBNM.txt (text/plain) in CBT.V508.FILE558.PDS, moved to PDS/CHGJOBNM
2025-04-04 11:45:27.879316 - Found CHGUNIT.txt (text/plain) in CBT.V508.FILE558.PDS, moved to PDS/CHGUNIT
2025-04-04 11:45:27.879455 - Found CHKVOLS.txt (text/plain) in CBT.V508.FILE558.PDS, moved to PDS/CHKVOLS
2025-04-04 11:45:27.879614 - Found CHRCOPY.txt (text/plain) in CBT.V508.FILE558.PDS, moved to PDS/CHRCOPY
2025-04-04 11:45:27.879788 - Found CHRDUMP.txt (text/plain) in CBT.V508.FILE558.PDS, moved to PDS/CHRDUMP
2025-04-04 11:45:27.879912 - Found CICSSCAN.txt (text/plain) in CBT.V508.FILE558.PDS, moved to PDS/CICSSCAN
2025-04-04 11:45:27.880061 - Found CLISTMON.txt (text/plain) in CBT.V508.FILE558.PDS, moved to PDS/CLISTMON
2025-04-04 11:45:27.880188 - Found CLONETAP.txt (text/plain) in CBT.V508.FILE558.PDS, moved to PDS/CLONETAP
2025-04-04 11:45:27.880303 - Found CLRSCN.txt (text/plain) in CBT.V508.FILE558.PDS, moved to PDS/CLRSCN
2025-04-04 11:45:27.880428 - Found CMPRDIR.txt (text/plain) in CBT.V508.FILE558.PDS, moved to PDS/CMPRDIR
2025-04-04 11:45:27.880553 - Found COBABEND.txt (text/plain) in CBT.V508.FILE558.PDS, moved to PDS/COBABEND
2025-04-04 11:45:27.880697 - Found COBLSETY.txt (text/plain) in CBT.V508.FILE558.PDS, moved to PDS/COBLSETY
2025-04-04 11:45:27.880831 - Found COBLSUBR.txt (text/plain) in CBT.V508.FILE558.PDS, moved to PDS/COBLSUBR
2025-04-04 11:45:27.880952 - Found COBLTYPE.txt (text/plain) in CBT.V508.FILE558.PDS, moved to PDS/COBLTYPE
2025-04-04 11:45:27.881085 - Found COBLTYP2.txt (text/plain) in CBT.V508.FILE558.PDS, moved to PDS/COBLTYP2
2025-04-04 11:45:27.881219 - Found COBRDLST.txt (text/plain) in CBT.V508.FILE558.PDS, moved to PDS/COBRDLST
2025-04-04 11:45:27.881358 - Found COBREAD.txt (text/plain) in CBT.V508.FILE558.PDS, moved to PDS/COBREAD
2025-04-04 11:45:27.881485 - Found COBSUBEM.txt (text/plain) in CBT.V508.FILE558.PDS, moved to PDS/COBSUBEM
2025-04-04 11:45:27.881610 - Found COB2ASM.txt (text/plain) in CBT.V508.FILE558.PDS, moved to PDS/COB2ASM
2025-04-04 11:45:27.881728 - Found COB2EP.txt (text/plain) in CBT.V508.FILE558.PDS, moved to PDS/COB2EP
2025-04-04 11:45:27.881887 - Found COB2MAIN.txt (text/plain) in CBT.V508.FILE558.PDS, moved to PDS/COB2MAIN
2025-04-04 11:45:27.882018 - Found COB2TGT.txt (text/plain) in CBT.V508.FILE558.PDS, moved to PDS/COB2TGT
2025-04-04 11:45:27.882149 - Found COMPARE.txt (text/plain) in CBT.V508.FILE558.PDS, moved to PDS/COMPARE
2025-04-04 11:45:27.882275 - Found COMPASM.txt (text/plain) in CBT.V508.FILE558.PDS, moved to PDS/COMPASM
2025-04-04 11:45:27.882403 - Found COMPCBL.txt (text/plain) in CBT.V508.FILE558.PDS, moved to PDS/COMPCBL
2025-04-04 11:45:27.882539 - Found COMPRMEM.txt (text/plain) in CBT.V508.FILE558.PDS, moved to PDS/COMPRMEM
2025-04-04 11:45:27.882661 - Found CONCAT.txt (text/plain) in CBT.V508.FILE558.PDS, moved to PDS/CONCAT
2025-04-04 11:45:27.882785 - Found COPY.txt (text/plain) in CBT.V508.FILE558.PDS, moved to PDS/COPY
2025-04-04 11:45:27.882909 - Found COPYDUMP.txt (text/plain) in CBT.V508.FILE558.PDS, moved to PDS/COPYDUMP
2025-04-04 11:45:27.883033 - Found COPYMULT.txt (text/plain) in CBT.V508.FILE558.PDS, moved to PDS/COPYMULT
2025-04-04 11:45:27.883162 - Found COPYNUM.txt (text/plain) in CBT.V508.FILE558.PDS, moved to PDS/COPYNUM
2025-04-04 11:45:27.883288 - Found COPYV.txt (text/plain) in CBT.V508.FILE558.PDS, moved to PDS/COPYV
2025-04-04 11:45:27.883425 - Found COUNTREC.txt (text/plain) in CBT.V508.FILE558.PDS, moved to PDS/COUNTREC
2025-04-04 11:45:27.883541 - Found CPUID.txt (text/plain) in CBT.V508.FILE558.PDS, moved to PDS/CPUID
2025-04-04 11:45:27.883652 - Found CSECTLST.txt (text/plain) in CBT.V508.FILE558.PDS, moved to PDS/CSECTLST
2025-04-04 11:45:27.883770 - Found CSECTMCH.txt (text/plain) in CBT.V508.FILE558.PDS, moved to PDS/CSECTMCH
2025-04-04 11:45:27.883896 - Found CSECTMRG.txt (text/plain) in CBT.V508.FILE558.PDS, moved to PDS/CSECTMRG
2025-04-04 11:45:27.884019 - Found CTLGLIST.txt (text/plain) in CBT.V508.FILE558.PDS, moved to PDS/CTLGLIST
2025-04-04 11:45:27.884156 - Found CURRDATE.txt (text/plain) in CBT.V508.FILE558.PDS, moved to PDS/CURRDATE
2025-04-04 11:45:27.884278 - Found CURRVOL.txt (text/plain) in CBT.V508.FILE558.PDS, moved to PDS/CURRVOL
2025-04-04 11:45:27.884441 - Found CVTCLIST.txt (text/plain) in CBT.V508.FILE558.PDS, moved to PDS/CVTCLIST
2025-04-04 11:45:27.884597 - Found DDLIST.txt (text/plain) in CBT.V508.FILE558.PDS, moved to PDS/DDLIST
2025-04-04 11:45:27.884743 - Found DELEJSPC.txt (text/plain) in CBT.V508.FILE558.PDS, moved to PDS/DELEJSPC
2025-04-04 11:45:27.884898 - Found DESERV.txt (text/plain) in CBT.V508.FILE558.PDS, moved to PDS/DESERV
2025-04-04 11:45:27.885033 - Found DISASM0.txt (text/plain) in CBT.V508.FILE558.PDS, moved to PDS/DISASM0
2025-04-04 11:45:27.885201 - Found DISASM1.txt (text/plain) in CBT.V508.FILE558.PDS, moved to PDS/DISASM1
2025-04-04 11:45:27.885368 - Found DISASM2.txt (text/plain) in CBT.V508.FILE558.PDS, moved to PDS/DISASM2
2025-04-04 11:45:27.885494 - Found DISASM99.txt (text/plain) in CBT.V508.FILE558.PDS, moved to PDS/DISASM99
2025-04-04 11:45:27.885615 - Found DISKCTLG.txt (text/plain) in CBT.V508.FILE558.PDS, moved to PDS/DISKCTLG
2025-04-04 11:45:27.885748 - Found DISTEST.txt (text/plain) in CBT.V508.FILE558.PDS, moved to PDS/DISTEST
2025-04-04 11:45:27.885896 - Found DLITCBL.txt (text/plain) in CBT.V508.FILE558.PDS, moved to PDS/DLITCBL
2025-04-04 11:45:27.886035 - Found DSNUPDAT.txt (text/plain) in CBT.V508.FILE558.PDS, moved to PDS/DSNUPDAT
2025-04-04 11:45:27.886182 - Found DSNVOLS.txt (text/plain) in CBT.V508.FILE558.PDS, moved to PDS/DSNVOLS
2025-04-04 11:45:27.886312 - Found DUMP.txt (text/plain) in CBT.V508.FILE558.PDS, moved to PDS/DUMP
2025-04-04 11:45:27.886457 - Found DUMPFIL.txt (text/plain) in CBT.V508.FILE558.PDS, moved to PDS/DUMPFIL
2025-04-04 11:45:27.886580 - Found DUMPSTOR.txt (text/plain) in CBT.V508.FILE558.PDS, moved to PDS/DUMPSTOR
2025-04-04 11:45:27.886721 - Found DUPLMEMB.txt (text/plain) in CBT.V508.FILE558.PDS, moved to PDS/DUPLMEMB
2025-04-04 11:45:27.886841 - Found DYNALLOC.txt (text/plain) in CBT.V508.FILE558.PDS, moved to PDS/DYNALLOC
2025-04-04 11:45:27.886972 - Found DYNERRS.txt (text/plain) in CBT.V508.FILE558.PDS, moved to PDS/DYNERRS
2025-04-04 11:45:27.887101 - Found EASTER.txt (text/plain) in CBT.V508.FILE558.PDS, moved to PDS/EASTER
2025-04-04 11:45:27.887245 - Found EBCD2ASC.txt (text/plain) in CBT.V508.FILE558.PDS, moved to PDS/EBCD2ASC
2025-04-04 11:45:27.887366 - Found EDGESTRP.txt (text/plain) in CBT.V508.FILE558.PDS, moved to PDS/EDGESTRP
2025-04-04 11:45:27.887490 - Found ENDVDATA.txt (text/plain) in CBT.V508.FILE558.PDS, moved to PDS/ENDVDATA
2025-04-04 11:45:27.887642 - Found ENDVFILE.txt (text/plain) in CBT.V508.FILE558.PDS, moved to PDS/ENDVFILE
2025-04-04 11:45:27.887764 - Found ENDVFLCK.txt (text/plain) in CBT.V508.FILE558.PDS, moved to PDS/ENDVFLCK
2025-04-04 11:45:27.887888 - Found ENDVMTCH.txt (text/plain) in CBT.V508.FILE558.PDS, moved to PDS/ENDVMTCH
2025-04-04 11:45:27.888005 - Found ENDVREFM.txt (text/plain) in CBT.V508.FILE558.PDS, moved to PDS/ENDVREFM
2025-04-04 11:45:27.888133 - Found ENDVSTRP.txt (text/plain) in CBT.V508.FILE558.PDS, moved to PDS/ENDVSTRP
2025-04-04 11:45:27.888292 - Found ENQLIST.txt (text/plain) in CBT.V508.FILE558.PDS, moved to PDS/ENQLIST
2025-04-04 11:45:27.888424 - Found EXCHANGE.txt (text/plain) in CBT.V508.FILE558.PDS, moved to PDS/EXCHANGE
2025-04-04 11:45:27.888592 - Found EXCPIO.txt (text/plain) in CBT.V508.FILE558.PDS, moved to PDS/EXCPIO
2025-04-04 11:45:27.888718 - Found EXCPSEQF.txt (text/plain) in CBT.V508.FILE558.PDS, moved to PDS/EXCPSEQF
2025-04-04 11:45:27.888849 - Found EXCPTAPE.txt (text/plain) in CBT.V508.FILE558.PDS, moved to PDS/EXCPTAPE
2025-04-04 11:45:27.888993 - Found EXIT.txt (text/plain) in CBT.V508.FILE558.PDS, moved to PDS/EXIT
2025-04-04 11:45:27.889115 - Found EXTSYMS.txt (text/plain) in CBT.V508.FILE558.PDS, moved to PDS/EXTSYMS
2025-04-04 11:45:27.889251 - Found FILES.txt (text/plain) in CBT.V508.FILE558.PDS, moved to PDS/FILES
2025-04-04 11:45:27.889383 - Found FINDCALL.txt (text/plain) in CBT.V508.FILE558.PDS, moved to PDS/FINDCALL
2025-04-04 11:45:27.889560 - Found FINDCONT.txt (text/plain) in CBT.V508.FILE558.PDS, moved to PDS/FINDCONT
2025-04-04 11:45:27.889724 - Found FINDDSN.txt (text/plain) in CBT.V508.FILE558.PDS, moved to PDS/FINDDSN
2025-04-04 11:45:27.890097 - Found FINDLDM.txt (text/plain) in CBT.V508.FILE558.PDS, moved to PDS/FINDLDM
2025-04-04 11:45:27.890268 - Found FINDMAC.txt (text/plain) in CBT.V508.FILE558.PDS, moved to PDS/FINDMAC
2025-04-04 11:45:27.890391 - Found FINDPGM.txt (text/plain) in CBT.V508.FILE558.PDS, moved to PDS/FINDPGM
2025-04-04 11:45:27.890515 - Found FINDSTRG.txt (text/plain) in CBT.V508.FILE558.PDS, moved to PDS/FINDSTRG
2025-04-04 11:45:27.890664 - Found FINDSUBR.txt (text/plain) in CBT.V508.FILE558.PDS, moved to PDS/FINDSUBR
2025-04-04 11:45:27.890817 - Found FNDALLMC.txt (text/plain) in CBT.V508.FILE558.PDS, moved to PDS/FNDALLMC
2025-04-04 11:45:27.890948 - Found FNDMACRO.txt (text/plain) in CBT.V508.FILE558.PDS, moved to PDS/FNDMACRO
2025-04-04 11:45:27.891088 - Found FREEPOOL.txt (text/plain) in CBT.V508.FILE558.PDS, moved to PDS/FREEPOOL
2025-04-04 11:45:27.891213 - Found GENDATES.txt (text/plain) in CBT.V508.FILE558.PDS, moved to PDS/GENDATES
2025-04-04 11:45:27.891332 - Found GENLDAT2.txt (text/plain) in CBT.V508.FILE558.PDS, moved to PDS/GENLDAT2
2025-04-04 11:45:27.891462 - Found GETDCB.txt (text/plain) in CBT.V508.FILE558.PDS, moved to PDS/GETDCB
2025-04-04 11:45:27.891598 - Found GETDSNVL.txt (text/plain) in CBT.V508.FILE558.PDS, moved to PDS/GETDSNVL
2025-04-04 11:45:27.891725 - Found GETGDG.txt (text/plain) in CBT.V508.FILE558.PDS, moved to PDS/GETGDG
2025-04-04 11:45:27.891865 - Found GETOWNER.txt (text/plain) in CBT.V508.FILE558.PDS, moved to PDS/GETOWNER
2025-04-04 11:45:27.891998 - Found GETOWNR2.txt (text/plain) in CBT.V508.FILE558.PDS, moved to PDS/GETOWNR2
2025-04-04 11:45:27.892151 - Found GETSMF.txt (text/plain) in CBT.V508.FILE558.PDS, moved to PDS/GETSMF
2025-04-04 11:45:27.892287 - Found GETSYSID.txt (text/plain) in CBT.V508.FILE558.PDS, moved to PDS/GETSYSID
2025-04-04 11:45:27.892456 - Found GETVOLS.txt (text/plain) in CBT.V508.FILE558.PDS, moved to PDS/GETVOLS
2025-04-04 11:45:27.892584 - Found GETVOLUM.txt (text/plain) in CBT.V508.FILE558.PDS, moved to PDS/GETVOLUM
2025-04-04 11:45:27.892708 - Found GETVSAM.txt (text/plain) in CBT.V508.FILE558.PDS, moved to PDS/GETVSAM
2025-04-04 11:45:27.892857 - Found GMABOVE.txt (text/plain) in CBT.V508.FILE558.PDS, moved to PDS/GMABOVE
2025-04-04 11:45:27.892980 - Found GTRANDOM.txt (text/plain) in CBT.V508.FILE558.PDS, moved to PDS/GTRANDOM
2025-04-04 11:45:27.893093 - Found HEX2ASKY.txt (text/plain) in CBT.V508.FILE558.PDS, moved to PDS/HEX2ASKY
2025-04-04 11:45:27.893235 - Found HEX2PDEC.txt (text/plain) in CBT.V508.FILE558.PDS, moved to PDS/HEX2PDEC
2025-04-04 11:45:27.893368 - Found IEFSD095.txt (text/plain) in CBT.V508.FILE558.PDS, moved to PDS/IEFSD095
2025-04-04 11:45:27.893495 - Found IEWBTEST.txt (text/plain) in CBT.V508.FILE558.PDS, moved to PDS/IEWBTEST
2025-04-04 11:45:27.893612 - Found IEWBUFF.txt (text/plain) in CBT.V508.FILE558.PDS, moved to PDS/IEWBUFF
2025-04-04 11:45:27.893738 - Found IEWBUFFE.txt (text/plain) in CBT.V508.FILE558.PDS, moved to PDS/IEWBUFFE
2025-04-04 11:45:27.893864 - Found IEWBUFFM.txt (text/plain) in CBT.V508.FILE558.PDS, moved to PDS/IEWBUFFM
2025-04-04 11:45:27.893980 - Found IEWBUFFN.txt (text/plain) in CBT.V508.FILE558.PDS, moved to PDS/IEWBUFFN
2025-04-04 11:45:27.894097 - Found IEWBUFFP.txt (text/plain) in CBT.V508.FILE558.PDS, moved to PDS/IEWBUFFP
2025-04-04 11:45:27.894228 - Found IEWBUFFR.txt (text/plain) in CBT.V508.FILE558.PDS, moved to PDS/IEWBUFFR
2025-04-04 11:45:27.894347 - Found IEWBUFFS.txt (text/plain) in CBT.V508.FILE558.PDS, moved to PDS/IEWBUFFS
2025-04-04 11:45:27.894469 - Found IEWBUFFT.txt (text/plain) in CBT.V508.FILE558.PDS, moved to PDS/IEWBUFFT
2025-04-04 11:45:27.894578 - Found IEWBUFFX.txt (text/plain) in CBT.V508.FILE558.PDS, moved to PDS/IEWBUFFX
2025-04-04 11:45:27.894691 - Found IEWBUFIB.txt (text/plain) in CBT.V508.FILE558.PDS, moved to PDS/IEWBUFIB
2025-04-04 11:45:27.894808 - Found IEWBUFIL.txt (text/plain) in CBT.V508.FILE558.PDS, moved to PDS/IEWBUFIL
2025-04-04 11:45:27.894931 - Found IEWBUFIU.txt (text/plain) in CBT.V508.FILE558.PDS, moved to PDS/IEWBUFIU
2025-04-04 11:45:27.895063 - Found IEWBUFIZ.txt (text/plain) in CBT.V508.FILE558.PDS, moved to PDS/IEWBUFIZ
2025-04-04 11:45:27.895173 - Found IGC0024C.txt (text/plain) in CBT.V508.FILE558.PDS, moved to PDS/IGC0024C
2025-04-04 11:45:27.895292 - Found IGGCSILC.txt (text/plain) in CBT.V508.FILE558.PDS, moved to PDS/IGGCSILC
2025-04-04 11:45:27.895405 - Found IGGCSI00.txt (text/plain) in CBT.V508.FILE558.PDS, moved to PDS/IGGCSI00
2025-04-04 11:45:27.895516 - Found ILBCHECK.txt (text/plain) in CBT.V508.FILE558.PDS, moved to PDS/ILBCHECK
2025-04-04 11:45:27.895641 - Found IL10STRP.txt (text/plain) in CBT.V508.FILE558.PDS, moved to PDS/IL10STRP
2025-04-04 11:45:27.895791 - Found INIT.txt (text/plain) in CBT.V508.FILE558.PDS, moved to PDS/INIT
2025-04-04 11:45:27.895940 - Found INQ500FE.txt (text/plain) in CBT.V508.FILE558.PDS, moved to PDS/INQ500FE
2025-04-04 11:45:27.896085 - Found INVKSORT.txt (text/plain) in CBT.V508.FILE558.PDS, moved to PDS/INVKSORT
2025-04-04 11:45:27.896210 - Found IXVTOC.txt (text/plain) in CBT.V508.FILE558.PDS, moved to PDS/IXVTOC
2025-04-04 11:45:27.896337 - Found JCLMODS.txt (text/plain) in CBT.V508.FILE558.PDS, moved to PDS/JCLMODS
2025-04-04 11:45:27.896476 - Found JCLSCAN.txt (text/plain) in CBT.V508.FILE558.PDS, moved to PDS/JCLSCAN
2025-04-04 11:45:27.896612 - Found JCLSCAN2.txt (text/plain) in CBT.V508.FILE558.PDS, moved to PDS/JCLSCAN2
2025-04-04 11:45:27.896730 - Found JOBINFO.txt (text/plain) in CBT.V508.FILE558.PDS, moved to PDS/JOBINFO
2025-04-04 11:45:27.896859 - Found LDMDVER.txt (text/plain) in CBT.V508.FILE558.PDS, moved to PDS/LDMDVER
2025-04-04 11:45:27.896991 - Found LIBPRNT.txt (text/plain) in CBT.V508.FILE558.PDS, moved to PDS/LIBPRNT
2025-04-04 11:45:27.897129 - Found LISTPSWD.txt (text/plain) in CBT.V508.FILE558.PDS, moved to PDS/LISTPSWD
2025-04-04 11:45:27.897281 - Found LISTVOLS.txt (text/plain) in CBT.V508.FILE558.PDS, moved to PDS/LISTVOLS
2025-04-04 11:45:27.897415 - Found LKEDANAL.txt (text/plain) in CBT.V508.FILE558.PDS, moved to PDS/LKEDANAL
2025-04-04 11:45:27.897612 - Found LKEDCTL2.txt (text/plain) in CBT.V508.FILE558.PDS, moved to PDS/LKEDCTL2
2025-04-04 11:45:27.897767 - Found LKEDMODS.txt (text/plain) in CBT.V508.FILE558.PDS, moved to PDS/LKEDMODS
2025-04-04 11:45:27.897905 - Found LMODCHEK.txt (text/plain) in CBT.V508.FILE558.PDS, moved to PDS/LMODCHEK
2025-04-04 11:45:27.898058 - Found LMODHIST.txt (text/plain) in CBT.V508.FILE558.PDS, moved to PDS/LMODHIST
2025-04-04 11:45:27.898226 - Found LMODREAD.txt (text/plain) in CBT.V508.FILE558.PDS, moved to PDS/LMODREAD
2025-04-04 11:45:27.898402 - Found LOADDIR.txt (text/plain) in CBT.V508.FILE558.PDS, moved to PDS/LOADDIR
2025-04-04 11:45:27.898545 - Found LOCDSNS.txt (text/plain) in CBT.V508.FILE558.PDS, moved to PDS/LOCDSNS
2025-04-04 11:45:27.898715 - Found LOGREC.txt (text/plain) in CBT.V508.FILE558.PDS, moved to PDS/LOGREC
2025-04-04 11:45:27.898868 - Found LSTVTOC1.txt (text/plain) in CBT.V508.FILE558.PDS, moved to PDS/LSTVTOC1
2025-04-04 11:45:27.899008 - Found LSTVTOC2.txt (text/plain) in CBT.V508.FILE558.PDS, moved to PDS/LSTVTOC2
2025-04-04 11:45:27.899139 - Found LSTVTOC3.txt (text/plain) in CBT.V508.FILE558.PDS, moved to PDS/LSTVTOC3
2025-04-04 11:45:27.899300 - Found MACROEXP.txt (text/plain) in CBT.V508.FILE558.PDS, moved to PDS/MACROEXP
2025-04-04 11:45:27.899502 - Found MERGE.txt (text/plain) in CBT.V508.FILE558.PDS, moved to PDS/MERGE
2025-04-04 11:45:27.899649 - Found MERGE1A.txt (text/plain) in CBT.V508.FILE558.PDS, moved to PDS/MERGE1A
2025-04-04 11:45:27.899798 - Found MERGE1B.txt (text/plain) in CBT.V508.FILE558.PDS, moved to PDS/MERGE1B
2025-04-04 11:45:27.899925 - Found MERGE2.txt (text/plain) in CBT.V508.FILE558.PDS, moved to PDS/MERGE2
2025-04-04 11:45:27.900073 - Found MERGE3.txt (text/plain) in CBT.V508.FILE558.PDS, moved to PDS/MERGE3
2025-04-04 11:45:27.900211 - Found MERGMERG.txt (text/plain) in CBT.V508.FILE558.PDS, moved to PDS/MERGMERG
2025-04-04 11:45:27.900410 - Found MFCSIGNS.txt (text/plain) in CBT.V508.FILE558.PDS, moved to PDS/MFCSIGNS
2025-04-04 11:45:27.900552 - Found MODINFO.txt (text/plain) in CBT.V508.FILE558.PDS, moved to PDS/MODINFO
2025-04-04 11:45:27.900702 - Found MODPSWD.txt (text/plain) in CBT.V508.FILE558.PDS, moved to PDS/MODPSWD
2025-04-04 11:45:27.900856 - Found MODSCB.txt (text/plain) in CBT.V508.FILE558.PDS, moved to PDS/MODSCB
2025-04-04 11:45:27.901005 - Found MODSCB2.txt (text/plain) in CBT.V508.FILE558.PDS, moved to PDS/MODSCB2
2025-04-04 11:45:27.901254 - Found MODSCNDY.txt (text/plain) in CBT.V508.FILE558.PDS, moved to PDS/MODSCNDY
2025-04-04 11:45:27.901458 - Found MODULENG.txt (text/plain) in CBT.V508.FILE558.PDS, moved to PDS/MODULENG
2025-04-04 11:45:27.901687 - Found MODXREF.txt (text/plain) in CBT.V508.FILE558.PDS, moved to PDS/MODXREF
2025-04-04 11:45:27.901859 - Found MRG4WAY.txt (text/plain) in CBT.V508.FILE558.PDS, moved to PDS/MRG4WAY
2025-04-04 11:45:27.902013 - Found MSASMRPT.txt (text/plain) in CBT.V508.FILE558.PDS, moved to PDS/MSASMRPT
2025-04-04 11:45:27.902188 - Found MSMCHMST.txt (text/plain) in CBT.V508.FILE558.PDS, moved to PDS/MSMCHMST
2025-04-04 11:45:27.902333 - Found MSMCHRPT.txt (text/plain) in CBT.V508.FILE558.PDS, moved to PDS/MSMCHRPT
2025-04-04 11:45:27.902504 - Found MTCHMERG.txt (text/plain) in CBT.V508.FILE558.PDS, moved to PDS/MTCHMERG
2025-04-04 11:45:27.902680 - Found NOLIMIT.txt (text/plain) in CBT.V508.FILE558.PDS, moved to PDS/NOLIMIT
2025-04-04 11:45:27.902827 - Found NUMERCHK.txt (text/plain) in CBT.V508.FILE558.PDS, moved to PDS/NUMERCHK
2025-04-04 11:45:27.902972 - Found OPCODE.txt (text/plain) in CBT.V508.FILE558.PDS, moved to PDS/OPCODE
2025-04-04 11:45:27.903126 - Found PARSEASM.txt (text/plain) in CBT.V508.FILE558.PDS, moved to PDS/PARSEASM
2025-04-04 11:45:27.903274 - Found PDSCHECK.txt (text/plain) in CBT.V508.FILE558.PDS, moved to PDS/PDSCHECK
2025-04-04 11:45:27.903409 - Found PDSCLEAN.txt (text/plain) in CBT.V508.FILE558.PDS, moved to PDS/PDSCLEAN
2025-04-04 11:45:27.903552 - Found PDSCPYMB.txt (text/plain) in CBT.V508.FILE558.PDS, moved to PDS/PDSCPYMB
2025-04-04 11:45:27.903705 - Found PDSDIR.txt (text/plain) in CBT.V508.FILE558.PDS, moved to PDS/PDSDIR
2025-04-04 11:45:27.903832 - Found PDSDIRB.txt (text/plain) in CBT.V508.FILE558.PDS, moved to PDS/PDSDIRB
2025-04-04 11:45:27.903967 - Found PDSDIRC.txt (text/plain) in CBT.V508.FILE558.PDS, moved to PDS/PDSDIRC
2025-04-04 11:45:27.904084 - Found PDSDIRLN.txt (text/plain) in CBT.V508.FILE558.PDS, moved to PDS/PDSDIRLN
2025-04-04 11:45:27.904206 - Found PDSDIRX.txt (text/plain) in CBT.V508.FILE558.PDS, moved to PDS/PDSDIRX
2025-04-04 11:45:27.904341 - Found PDSDSN.txt (text/plain) in CBT.V508.FILE558.PDS, moved to PDS/PDSDSN
2025-04-04 11:45:27.904503 - Found PDSHIST.txt (text/plain) in CBT.V508.FILE558.PDS, moved to PDS/PDSHIST
2025-04-04 11:45:27.904637 - Found PDSINFO.txt (text/plain) in CBT.V508.FILE558.PDS, moved to PDS/PDSINFO
2025-04-04 11:45:27.904799 - Found PDSREAD.txt (text/plain) in CBT.V508.FILE558.PDS, moved to PDS/PDSREAD
2025-04-04 11:45:27.904935 - Found PDSVREPL.txt (text/plain) in CBT.V508.FILE558.PDS, moved to PDS/PDSVREPL
2025-04-04 11:45:27.905076 - Found PDSVUPDT.txt (text/plain) in CBT.V508.FILE558.PDS, moved to PDS/PDSVUPDT
2025-04-04 11:45:27.905194 - Found PGMTYPE.txt (text/plain) in CBT.V508.FILE558.PDS, moved to PDS/PGMTYPE
2025-04-04 11:45:27.905336 - Found PRINTDAE.txt (text/plain) in CBT.V508.FILE558.PDS, moved to PDS/PRINTDAE
2025-04-04 11:45:27.905505 - Found PRINTSUB.txt (text/plain) in CBT.V508.FILE558.PDS, moved to PDS/PRINTSUB
2025-04-04 11:45:27.905677 - Found PRNTMULT.txt (text/plain) in CBT.V508.FILE558.PDS, moved to PDS/PRNTMULT
2025-04-04 11:45:27.905871 - Found PROCSCAN.txt (text/plain) in CBT.V508.FILE558.PDS, moved to PDS/PROCSCAN
2025-04-04 11:45:27.906069 - Found PRTDSNH.txt (text/plain) in CBT.V508.FILE558.PDS, moved to PDS/PRTDSNH
2025-04-04 11:45:27.906268 - Found PRTPCH.txt (text/plain) in CBT.V508.FILE558.PDS, moved to PDS/PRTPCH
2025-04-04 11:45:27.906450 - Found PULLDUPS.txt (text/plain) in CBT.V508.FILE558.PDS, moved to PDS/PULLDUPS
2025-04-04 11:45:27.906622 - Found PULLGRPS.txt (text/plain) in CBT.V508.FILE558.PDS, moved to PDS/PULLGRPS
2025-04-04 11:45:27.906794 - Found QSAMIO.txt (text/plain) in CBT.V508.FILE558.PDS, moved to PDS/QSAMIO
2025-04-04 11:45:27.906956 - Found QWIKVTOC.txt (text/plain) in CBT.V508.FILE558.PDS, moved to PDS/QWIKVTOC
2025-04-04 11:45:27.907115 - Found RANDOM.txt (text/plain) in CBT.V508.FILE558.PDS, moved to PDS/RANDOM
2025-04-04 11:45:27.907289 - Found RCVRPDS.txt (text/plain) in CBT.V508.FILE558.PDS, moved to PDS/RCVRPDS
2025-04-04 11:45:27.907488 - Found RCVRVPDS.txt (text/plain) in CBT.V508.FILE558.PDS, moved to PDS/RCVRVPDS
2025-04-04 11:45:27.907676 - Found READDIR.txt (text/plain) in CBT.V508.FILE558.PDS, moved to PDS/READDIR
2025-04-04 11:45:27.907859 - Found READFMEM.txt (text/plain) in CBT.V508.FILE558.PDS, moved to PDS/READFMEM
2025-04-04 11:45:27.908032 - Found READLMOD.txt (text/plain) in CBT.V508.FILE558.PDS, moved to PDS/READLMOD
2025-04-04 11:45:27.908224 - Found READMEM.txt (text/plain) in CBT.V508.FILE558.PDS, moved to PDS/READMEM
2025-04-04 11:45:27.908393 - Found READMEMX.txt (text/plain) in CBT.V508.FILE558.PDS, moved to PDS/READMEMX
2025-04-04 11:45:27.908555 - Found READVMEM.txt (text/plain) in CBT.V508.FILE558.PDS, moved to PDS/READVMEM
2025-04-04 11:45:27.908757 - Found REBUILD.txt (text/plain) in CBT.V508.FILE558.PDS, moved to PDS/REBUILD
2025-04-04 11:45:27.908942 - Found REBUILD1.txt (text/plain) in CBT.V508.FILE558.PDS, moved to PDS/REBUILD1
2025-04-04 11:45:27.909116 - Found RENSCR.txt (text/plain) in CBT.V508.FILE558.PDS, moved to PDS/RENSCR
2025-04-04 11:45:27.909291 - Found REQU.txt (text/plain) in CBT.V508.FILE558.PDS, moved to PDS/REQU
2025-04-04 11:45:27.909505 - Found RESCHECK.txt (text/plain) in CBT.V508.FILE558.PDS, moved to PDS/RESCHECK
2025-04-04 11:45:27.909656 - Found RESCHEK.txt (text/plain) in CBT.V508.FILE558.PDS, moved to PDS/RESCHEK
2025-04-04 11:45:27.909809 - Found RESOURC$.eml (message/rfc822) in CBT.V508.FILE558.PDS, moved to PDS/RESOURC$
2025-04-04 11:45:27.909977 - Found RESOURCE.txt (text/plain) in CBT.V508.FILE558.PDS, moved to PDS/RESOURCE
2025-04-04 11:45:27.910123 - Found RMODE31.txt (text/plain) in CBT.V508.FILE558.PDS, moved to PDS/RMODE31
2025-04-04 11:45:27.910275 - Found SCANIMS.txt (text/plain) in CBT.V508.FILE558.PDS, moved to PDS/SCANIMS
2025-04-04 11:45:27.910399 - Found SCANLDM2.txt (text/plain) in CBT.V508.FILE558.PDS, moved to PDS/SCANLDM2
2025-04-04 11:45:27.910539 - Found SCANLMOD.txt (text/plain) in CBT.V508.FILE558.PDS, moved to PDS/SCANLMOD
2025-04-04 11:45:27.910669 - Found SCANPSVB.txt (text/plain) in CBT.V508.FILE558.PDS, moved to PDS/SCANPSVB
2025-04-04 11:45:27.910819 - Found SCANTEXT.txt (text/plain) in CBT.V508.FILE558.PDS, moved to PDS/SCANTEXT
2025-04-04 11:45:27.910956 - Found SCANTXT2.txt (text/plain) in CBT.V508.FILE558.PDS, moved to PDS/SCANTXT2
2025-04-04 11:45:27.911102 - Found SCANTXT3.txt (text/plain) in CBT.V508.FILE558.PDS, moved to PDS/SCANTXT3
2025-04-04 11:45:27.911262 - Found SCANVBL2.txt (text/plain) in CBT.V508.FILE558.PDS, moved to PDS/SCANVBL2
2025-04-04 11:45:27.911415 - Found SCANVRBL.txt (text/plain) in CBT.V508.FILE558.PDS, moved to PDS/SCANVRBL
2025-04-04 11:45:27.911550 - Found SCANXREF.txt (text/plain) in CBT.V508.FILE558.PDS, moved to PDS/SCANXREF
2025-04-04 11:45:27.911696 - Found SHUFFLE.txt (text/plain) in CBT.V508.FILE558.PDS, moved to PDS/SHUFFLE
2025-04-04 11:45:27.911837 - Found SKELETON.txt (text/plain) in CBT.V508.FILE558.PDS, moved to PDS/SKELETON
2025-04-04 11:45:27.911971 - Found SMFABNDS.txt (text/plain) in CBT.V508.FILE558.PDS, moved to PDS/SMFABNDS
2025-04-04 11:45:27.912107 - Found SMFCOUNT.txt (text/plain) in CBT.V508.FILE558.PDS, moved to PDS/SMFCOUNT
2025-04-04 11:45:27.912224 - Found SMFDSNAM.txt (text/plain) in CBT.V508.FILE558.PDS, moved to PDS/SMFDSNAM
2025-04-04 11:45:27.912356 - Found SMFDSNM1.txt (text/plain) in CBT.V508.FILE558.PDS, moved to PDS/SMFDSNM1
2025-04-04 11:45:27.912493 - Found SMFDSNM2.txt (text/plain) in CBT.V508.FILE558.PDS, moved to PDS/SMFDSNM2
2025-04-04 11:45:27.912622 - Found SMFDSNV1.txt (text/plain) in CBT.V508.FILE558.PDS, moved to PDS/SMFDSNV1
2025-04-04 11:45:27.912741 - Found SMFPRINT.txt (text/plain) in CBT.V508.FILE558.PDS, moved to PDS/SMFPRINT
2025-04-04 11:45:27.912868 - Found SMFPRT30.txt (text/plain) in CBT.V508.FILE558.PDS, moved to PDS/SMFPRT30
2025-04-04 11:45:27.912986 - Found SMFREAD.txt (text/plain) in CBT.V508.FILE558.PDS, moved to PDS/SMFREAD
2025-04-04 11:45:27.913118 - Found SMFSTEPT.txt (text/plain) in CBT.V508.FILE558.PDS, moved to PDS/SMFSTEPT
2025-04-04 11:45:27.913269 - Found SMFSTEP2.txt (text/plain) in CBT.V508.FILE558.PDS, moved to PDS/SMFSTEP2
2025-04-04 11:45:27.913410 - Found SMFSTEP3.txt (text/plain) in CBT.V508.FILE558.PDS, moved to PDS/SMFSTEP3
2025-04-04 11:45:27.913567 - Found SMFSTEP4.txt (text/plain) in CBT.V508.FILE558.PDS, moved to PDS/SMFSTEP4
2025-04-04 11:45:27.913735 - Found SMFSTRIP.txt (text/plain) in CBT.V508.FILE558.PDS, moved to PDS/SMFSTRIP
2025-04-04 11:45:27.913889 - Found SMFSTR14.txt (text/plain) in CBT.V508.FILE558.PDS, moved to PDS/SMFSTR14
2025-04-04 11:45:27.914005 - Found SMFSTR30.txt (text/plain) in CBT.V508.FILE558.PDS, moved to PDS/SMFSTR30
2025-04-04 11:45:27.914180 - Found SMFSTR64.txt (text/plain) in CBT.V508.FILE558.PDS, moved to PDS/SMFSTR64
2025-04-04 11:45:27.914356 - Found SMFTSO.txt (text/plain) in CBT.V508.FILE558.PDS, moved to PDS/SMFTSO
2025-04-04 11:45:27.914497 - Found SMODE.txt (text/plain) in CBT.V508.FILE558.PDS, moved to PDS/SMODE
2025-04-04 11:45:27.914645 - Found SQUEZE80.txt (text/plain) in CBT.V508.FILE558.PDS, moved to PDS/SQUEZE80
2025-04-04 11:45:27.914832 - Found STAGE1IO.txt (text/plain) in CBT.V508.FILE558.PDS, moved to PDS/STAGE1IO
2025-04-04 11:45:27.914960 - Found STAGE2IO.txt (text/plain) in CBT.V508.FILE558.PDS, moved to PDS/STAGE2IO
2025-04-04 11:45:27.915078 - Found STIMER.txt (text/plain) in CBT.V508.FILE558.PDS, moved to PDS/STIMER
2025-04-04 11:45:27.915203 - Found STORCREG.txt (text/plain) in CBT.V508.FILE558.PDS, moved to PDS/STORCREG
2025-04-04 11:45:27.915699 - Found STRIP.txt (text/plain) in CBT.V508.FILE558.PDS, moved to PDS/STRIP
2025-04-04 11:45:27.915834 - Found STRIPEDG.txt (text/plain) in CBT.V508.FILE558.PDS, moved to PDS/STRIPEDG
2025-04-04 11:45:27.916091 - Found STRIPLID.txt (text/plain) in CBT.V508.FILE558.PDS, moved to PDS/STRIPLID
2025-04-04 11:45:27.916226 - Found SVCDEXTR.txt (text/plain) in CBT.V508.FILE558.PDS, moved to PDS/SVCDEXTR
2025-04-04 11:45:27.916357 - Found SVCDMERG.txt (text/plain) in CBT.V508.FILE558.PDS, moved to PDS/SVCDMERG
2025-04-04 11:45:27.916496 - Found SVCDREFM.txt (text/plain) in CBT.V508.FILE558.PDS, moved to PDS/SVCDREFM
2025-04-04 11:45:27.916642 - Found SVCDREF1.txt (text/plain) in CBT.V508.FILE558.PDS, moved to PDS/SVCDREF1
2025-04-04 11:45:27.916762 - Found SVCDREF2.txt (text/plain) in CBT.V508.FILE558.PDS, moved to PDS/SVCDREF2
2025-04-04 11:45:27.917103 - Found SVLNK.bin (application/octet-stream) in CBT.V508.FILE558.PDS, moved to PDS/SVLNK
2025-04-04 11:45:27.917238 - Found TAPEHEAD.txt (text/plain) in CBT.V508.FILE558.PDS, moved to PDS/TAPEHEAD
2025-04-04 11:45:27.917371 - Found TAPESCAN.txt (text/plain) in CBT.V508.FILE558.PDS, moved to PDS/TAPESCAN
2025-04-04 11:45:27.917527 - Found TCREPRT.txt (text/plain) in CBT.V508.FILE558.PDS, moved to PDS/TCREPRT
2025-04-04 11:45:27.917703 - Found TEST.txt (text/plain) in CBT.V508.FILE558.PDS, moved to PDS/TEST
2025-04-04 11:45:27.917853 - Found TGET.txt (text/plain) in CBT.V508.FILE558.PDS, moved to PDS/TGET
2025-04-04 11:45:27.918013 - Found TIME.txt (text/plain) in CBT.V508.FILE558.PDS, moved to PDS/TIME
2025-04-04 11:45:27.918167 - Found TIMECOMP.txt (text/plain) in CBT.V508.FILE558.PDS, moved to PDS/TIMECOMP
2025-04-04 11:45:27.918426 - Found TIMECONV.txt (text/plain) in CBT.V508.FILE558.PDS, moved to PDS/TIMECONV
2025-04-04 11:45:27.918619 - Found TPUT.txt (text/plain) in CBT.V508.FILE558.PDS, moved to PDS/TPUT
2025-04-04 11:45:27.918786 - Found TRACEDT.txt (text/plain) in CBT.V508.FILE558.PDS, moved to PDS/TRACEDT
2025-04-04 11:45:27.918934 - Found TRACEOFF.txt (text/plain) in CBT.V508.FILE558.PDS, moved to PDS/TRACEOFF
2025-04-04 11:45:27.919060 - Found TRACEON.txt (text/plain) in CBT.V508.FILE558.PDS, moved to PDS/TRACEON
2025-04-04 11:45:27.919246 - Found TSODUMP.txt (text/plain) in CBT.V508.FILE558.PDS, moved to PDS/TSODUMP
2025-04-04 11:45:27.919425 - Found UCB.txt (text/plain) in CBT.V508.FILE558.PDS, moved to PDS/UCB
2025-04-04 11:45:27.919554 - Found UCBLKUP.txt (text/plain) in CBT.V508.FILE558.PDS, moved to PDS/UCBLKUP
2025-04-04 11:45:27.919669 - Found UCBLOOK.txt (text/plain) in CBT.V508.FILE558.PDS, moved to PDS/UCBLOOK
2025-04-04 11:45:27.919813 - Found UCBREPRT.txt (text/plain) in CBT.V508.FILE558.PDS, moved to PDS/UCBREPRT
2025-04-04 11:45:27.919937 - Found UCBSCAN.txt (text/plain) in CBT.V508.FILE558.PDS, moved to PDS/UCBSCAN
2025-04-04 11:45:27.920104 - Found UCBSRCH.txt (text/plain) in CBT.V508.FILE558.PDS, moved to PDS/UCBSRCH
2025-04-04 11:45:27.920252 - Found UNIQUE.txt (text/plain) in CBT.V508.FILE558.PDS, moved to PDS/UNIQUE
2025-04-04 11:45:27.920384 - Found UNSQUZ80.txt (text/plain) in CBT.V508.FILE558.PDS, moved to PDS/UNSQUZ80
2025-04-04 11:45:27.920507 - Found UPDMEM.txt (text/plain) in CBT.V508.FILE558.PDS, moved to PDS/UPDMEM
2025-04-04 11:45:27.920695 - Found UPDTLMOD.txt (text/plain) in CBT.V508.FILE558.PDS, moved to PDS/UPDTLMOD
2025-04-04 11:45:27.920925 - Found USECPU.txt (text/plain) in CBT.V508.FILE558.PDS, moved to PDS/USECPU
2025-04-04 11:45:27.921088 - Found USERABND.txt (text/plain) in CBT.V508.FILE558.PDS, moved to PDS/USERABND
2025-04-04 11:45:27.921280 - Found VBSCHECK.txt (text/plain) in CBT.V508.FILE558.PDS, moved to PDS/VBSCHECK
2025-04-04 11:45:27.921419 - Found VERCSECT.txt (text/plain) in CBT.V508.FILE558.PDS, moved to PDS/VERCSECT
2025-04-04 11:45:27.921561 - Found VERLDMOD.txt (text/plain) in CBT.V508.FILE558.PDS, moved to PDS/VERLDMOD
2025-04-04 11:45:27.921691 - Found VOLFILE.txt (text/plain) in CBT.V508.FILE558.PDS, moved to PDS/VOLFILE
2025-04-04 11:45:27.921817 - Found VOLLIST2.txt (text/plain) in CBT.V508.FILE558.PDS, moved to PDS/VOLLIST2
2025-04-04 11:45:27.921963 - Found VOLSPACE.txt (text/plain) in CBT.V508.FILE558.PDS, moved to PDS/VOLSPACE
2025-04-04 11:45:27.922097 - Found VOLSPOLD.txt (text/plain) in CBT.V508.FILE558.PDS, moved to PDS/VOLSPOLD
2025-04-04 11:45:27.922236 - Found VRNDUPDT.txt (text/plain) in CBT.V508.FILE558.PDS, moved to PDS/VRNDUPDT
2025-04-04 11:45:27.922370 - Found VSAMFILE.txt (text/plain) in CBT.V508.FILE558.PDS, moved to PDS/VSAMFILE
2025-04-04 11:45:27.922487 - Found VSAMHIST.txt (text/plain) in CBT.V508.FILE558.PDS, moved to PDS/VSAMHIST
2025-04-04 11:45:27.922603 - Found VTOCDATA.txt (text/plain) in CBT.V508.FILE558.PDS, moved to PDS/VTOCDATA
2025-04-04 11:45:27.922740 - Found VTOCDSVL.txt (text/plain) in CBT.V508.FILE558.PDS, moved to PDS/VTOCDSVL
2025-04-04 11:45:27.922886 - Found VTOCLISG.txt (text/plain) in CBT.V508.FILE558.PDS, moved to PDS/VTOCLISG
2025-04-04 11:45:27.923018 - Found VTOCLIST.txt (text/plain) in CBT.V508.FILE558.PDS, moved to PDS/VTOCLIST
2025-04-04 11:45:27.923183 - Found VTOCPRNT.txt (text/plain) in CBT.V508.FILE558.PDS, moved to PDS/VTOCPRNT
2025-04-04 11:45:27.923367 - Found VTOCSTRP.txt (text/plain) in CBT.V508.FILE558.PDS, moved to PDS/VTOCSTRP
2025-04-04 11:45:27.923495 - Found WAITASEC.txt (text/plain) in CBT.V508.FILE558.PDS, moved to PDS/WAITASEC
2025-04-04 11:45:27.923643 - Found WAIT5MIN.txt (text/plain) in CBT.V508.FILE558.PDS, moved to PDS/WAIT5MIN
2025-04-04 11:45:27.923773 - Found WHERE.txt (text/plain) in CBT.V508.FILE558.PDS, moved to PDS/WHERE
2025-04-04 11:45:27.923925 - Found WHEREAMI.txt (text/plain) in CBT.V508.FILE558.PDS, moved to PDS/WHEREAMI
2025-04-04 11:45:27.924080 - Found WRITEKL.txt (text/plain) in CBT.V508.FILE558.PDS, moved to PDS/WRITEKL
2025-04-04 11:45:27.924223 - Found WTOEXP.txt (text/plain) in CBT.V508.FILE558.PDS, moved to PDS/WTOEXP
2025-04-04 11:45:27.924358 - Found WTOEXP1.txt (text/plain) in CBT.V508.FILE558.PDS, moved to PDS/WTOEXP1
2025-04-04 11:45:27.924478 - Found WTOHI.txt (text/plain) in CBT.V508.FILE558.PDS, moved to PDS/WTOHI
2025-04-04 11:45:27.924606 - Found WTOLO.txt (text/plain) in CBT.V508.FILE558.PDS, moved to PDS/WTOLO
2025-04-04 11:45:27.924721 - Found WTOPGMR.txt (text/plain) in CBT.V508.FILE558.PDS, moved to PDS/WTOPGMR
2025-04-04 11:45:27.924844 - Found WTOREGS.txt (text/plain) in CBT.V508.FILE558.PDS, moved to PDS/WTOREGS
2025-04-04 11:45:27.924962 - Found WTORTEST.txt (text/plain) in CBT.V508.FILE558.PDS, moved to PDS/WTORTEST
2025-04-04 11:45:27.925126 - Found XMEM.txt (text/plain) in CBT.V508.FILE558.PDS, moved to PDS/XMEM
2025-04-04 11:45:27.925320 - Found XMEMGET.txt (text/plain) in CBT.V508.FILE558.PDS, moved to PDS/XMEMGET
2025-04-04 11:45:27.925453 - Found XMEMTEST.txt (text/plain) in CBT.V508.FILE558.PDS, moved to PDS/XMEMTEST
2025-04-04 11:45:27.925576 - Found XPRNT.txt (text/plain) in CBT.V508.FILE558.PDS, moved to PDS/XPRNT
2025-04-04 11:45:27.925707 - Found XREAD.txt (text/plain) in CBT.V508.FILE558.PDS, moved to PDS/XREAD
2025-04-04 11:45:27.925850 - Found XWHERE.txt (text/plain) in CBT.V508.FILE558.PDS, moved to PDS/XWHERE
